<?xml version="1.0" encoding="UTF-8"?>
<!-- Generated by org.testng.reporters.JUnitXMLReporter -->
<testsuite ignored="0" hostname="Abhisheks-MacBook-Air.local" failures="0" tests="5" name="Default test" time="111.509" errors="0" timestamp="2024-09-26T12:29:36 EDT">
  <testcase classname="com.lemonade.tests.LemonadeTests" name="TestBrowserOpensSuccessfully" time="6.432"/>
  <testcase classname="com.lemonade.tests.LemonadeTests" name="TestHomePage" time="0.235"/>
  <testcase classname="com.lemonade.tests.LemonadeTests" name="TestPageLinks" time="17.536"/>
  <testcase classname="com.lemonade.tests.LemonadeTests" name="TestCarInsurance" time="17.452"/>
  <testcase classname="com.lemonade.tests.LemonadeTests" name="TestRentInsurance" time="69.161"/>
</testsuite> <!-- Default test -->
