<?xml version="1.0" encoding="UTF-8"?>
<testng-results ignored="0" total="5" passed="5" failed="0" skipped="0">
  <reporter-output>
  </reporter-output>
  <suite started-at="2024-09-26T12:27:44 EDT" name="Default suite" finished-at="2024-09-26T12:29:36 EDT" duration-ms="111509">
    <groups>
    </groups>
    <test started-at="2024-09-26T12:27:44 EDT" name="Default test" finished-at="2024-09-26T12:29:36 EDT" duration-ms="111509">
      <class name="com.lemonade.tests.LemonadeTests">
        <test-method signature="TestBrowserOpensSuccessfully()[pri:1, instance:com.lemonade.tests.LemonadeTests@306e95ec]" started-at="2024-09-26T12:27:44 EDT" name="TestBrowserOpensSuccessfully" finished-at="2024-09-26T12:27:51 EDT" duration-ms="6432" status="PASS">
          <reporter-output>
          </reporter-output>
        </test-method> <!-- TestBrowserOpensSuccessfully -->
        <test-method signature="TestHomePage()[pri:2, instance:com.lemonade.tests.LemonadeTests@306e95ec]" started-at="2024-09-26T12:27:51 EDT" name="TestHomePage" finished-at="2024-09-26T12:27:51 EDT" duration-ms="235" status="PASS">
          <reporter-output>
          </reporter-output>
        </test-method> <!-- TestHomePage -->
        <test-method signature="TestPageLinks()[pri:3, instance:com.lemonade.tests.LemonadeTests@306e95ec]" started-at="2024-09-26T12:27:51 EDT" name="TestPageLinks" finished-at="2024-09-26T12:28:09 EDT" duration-ms="17536" status="PASS">
          <reporter-output>
          </reporter-output>
        </test-method> <!-- TestPageLinks -->
        <test-method signature="TestCarInsurance()[pri:4, instance:com.lemonade.tests.LemonadeTests@306e95ec]" started-at="2024-09-26T12:28:09 EDT" name="TestCarInsurance" finished-at="2024-09-26T12:28:26 EDT" duration-ms="17452" status="PASS">
          <reporter-output>
          </reporter-output>
        </test-method> <!-- TestCarInsurance -->
        <test-method signature="TestRentInsurance()[pri:5, instance:com.lemonade.tests.LemonadeTests@306e95ec]" started-at="2024-09-26T12:28:26 EDT" name="TestRentInsurance" finished-at="2024-09-26T12:29:35 EDT" duration-ms="69161" status="PASS">
          <reporter-output>
          </reporter-output>
        </test-method> <!-- TestRentInsurance -->
        <test-method is-config="true" signature="teardown()[pri:0, instance:com.lemonade.tests.LemonadeTests@306e95ec]" started-at="2024-09-26T12:29:35 EDT" name="teardown" finished-at="2024-09-26T12:29:36 EDT" duration-ms="419" status="PASS">
          <reporter-output>
          </reporter-output>
        </test-method> <!-- teardown -->
      </class> <!-- com.lemonade.tests.LemonadeTests -->
    </test> <!-- Default test -->
  </suite> <!-- Default suite -->
</testng-results>
